Message[302] C:\USERS\MATTHEW\DOCUMENTS\MATT\FACULTAD\4∞ AÒO\ELECTRÛNICA DIGITAL II\ELECTDIGII_TRABAJOFINAL_CUBO4X4X4\CODIGOMPLAB\PROYECTOFINALCUBO4X4X4.X\CODECUBE.ASM 19 : Register in operand not in bank 0.  Ensure that bank bits are correct.
Message[302] C:\USERS\MATTHEW\DOCUMENTS\MATT\FACULTAD\4∞ AÒO\ELECTRÛNICA DIGITAL II\ELECTDIGII_TRABAJOFINAL_CUBO4X4X4\CODIGOMPLAB\PROYECTOFINALCUBO4X4X4.X\CODECUBE.ASM 20 : Register in operand not in bank 0.  Ensure that bank bits are correct.
Message[302] C:\USERS\MATTHEW\DOCUMENTS\MATT\FACULTAD\4∞ AÒO\ELECTRÛNICA DIGITAL II\ELECTDIGII_TRABAJOFINAL_CUBO4X4X4\CODIGOMPLAB\PROYECTOFINALCUBO4X4X4.X\CODECUBE.ASM 21 : Register in operand not in bank 0.  Ensure that bank bits are correct.
Message[302] C:\USERS\MATTHEW\DOCUMENTS\MATT\FACULTAD\4∞ AÒO\ELECTRÛNICA DIGITAL II\ELECTDIGII_TRABAJOFINAL_CUBO4X4X4\CODIGOMPLAB\PROYECTOFINALCUBO4X4X4.X\CODECUBE.ASM 26 : Register in operand not in bank 0.  Ensure that bank bits are correct.
Message[302] C:\USERS\MATTHEW\DOCUMENTS\MATT\FACULTAD\4∞ AÒO\ELECTRÛNICA DIGITAL II\ELECTDIGII_TRABAJOFINAL_CUBO4X4X4\CODIGOMPLAB\PROYECTOFINALCUBO4X4X4.X\CODECUBE.ASM 28 : Register in operand not in bank 0.  Ensure that bank bits are correct.
Message[302] C:\USERS\MATTHEW\DOCUMENTS\MATT\FACULTAD\4∞ AÒO\ELECTRÛNICA DIGITAL II\ELECTDIGII_TRABAJOFINAL_CUBO4X4X4\CODIGOMPLAB\PROYECTOFINALCUBO4X4X4.X\CODECUBE.ASM 31 : Register in operand not in bank 0.  Ensure that bank bits are correct.
Message[302] C:\USERS\MATTHEW\DOCUMENTS\MATT\FACULTAD\4∞ AÒO\ELECTRÛNICA DIGITAL II\ELECTDIGII_TRABAJOFINAL_CUBO4X4X4\CODIGOMPLAB\PROYECTOFINALCUBO4X4X4.X\CODECUBE.ASM 34 : Register in operand not in bank 0.  Ensure that bank bits are correct.
Message[302] C:\USERS\MATTHEW\DOCUMENTS\MATT\FACULTAD\4∞ AÒO\ELECTRÛNICA DIGITAL II\ELECTDIGII_TRABAJOFINAL_CUBO4X4X4\CODIGOMPLAB\PROYECTOFINALCUBO4X4X4.X\CODECUBE.ASM 35 : Register in operand not in bank 0.  Ensure that bank bits are correct.
Message[302] C:\USERS\MATTHEW\DOCUMENTS\MATT\FACULTAD\4∞ AÒO\ELECTRÛNICA DIGITAL II\ELECTDIGII_TRABAJOFINAL_CUBO4X4X4\CODIGOMPLAB\PROYECTOFINALCUBO4X4X4.X\CODECUBE.ASM 38 : Register in operand not in bank 0.  Ensure that bank bits are correct.
Error[113]   C:\USERS\MATTHEW\DOCUMENTS\MATT\FACULTAD\4∞ AÒO\ELECTRÛNICA DIGITAL II\ELECTDIGII_TRABAJOFINAL_CUBO4X4X4\CODIGOMPLAB\PROYECTOFINALCUBO4X4X4.X\CODECUBE.ASM 50 : Symbol not previously defined (leds0_7)
Error[113]   C:\USERS\MATTHEW\DOCUMENTS\MATT\FACULTAD\4∞ AÒO\ELECTRÛNICA DIGITAL II\ELECTDIGII_TRABAJOFINAL_CUBO4X4X4\CODIGOMPLAB\PROYECTOFINALCUBO4X4X4.X\CODECUBE.ASM 51 : Symbol not previously defined (leds8_15)
Error[113]   C:\USERS\MATTHEW\DOCUMENTS\MATT\FACULTAD\4∞ AÒO\ELECTRÛNICA DIGITAL II\ELECTDIGII_TRABAJOFINAL_CUBO4X4X4\CODIGOMPLAB\PROYECTOFINALCUBO4X4X4.X\CODECUBE.ASM 52 : Symbol not previously defined (piso0)
Error[113]   C:\USERS\MATTHEW\DOCUMENTS\MATT\FACULTAD\4∞ AÒO\ELECTRÛNICA DIGITAL II\ELECTDIGII_TRABAJOFINAL_CUBO4X4X4\CODIGOMPLAB\PROYECTOFINALCUBO4X4X4.X\CODECUBE.ASM 53 : Symbol not previously defined (piso1)
Error[113]   C:\USERS\MATTHEW\DOCUMENTS\MATT\FACULTAD\4∞ AÒO\ELECTRÛNICA DIGITAL II\ELECTDIGII_TRABAJOFINAL_CUBO4X4X4\CODIGOMPLAB\PROYECTOFINALCUBO4X4X4.X\CODECUBE.ASM 54 : Symbol not previously defined (piso2)
Error[113]   C:\USERS\MATTHEW\DOCUMENTS\MATT\FACULTAD\4∞ AÒO\ELECTRÛNICA DIGITAL II\ELECTDIGII_TRABAJOFINAL_CUBO4X4X4\CODIGOMPLAB\PROYECTOFINALCUBO4X4X4.X\CODECUBE.ASM 55 : Symbol not previously defined (piso3)
Error[113]   C:\USERS\MATTHEW\DOCUMENTS\MATT\FACULTAD\4∞ AÒO\ELECTRÛNICA DIGITAL II\ELECTDIGII_TRABAJOFINAL_CUBO4X4X4\CODIGOMPLAB\PROYECTOFINALCUBO4X4X4.X\CODECUBE.ASM 56 : Symbol not previously defined (numPiso)
Error[113]   C:\USERS\MATTHEW\DOCUMENTS\MATT\FACULTAD\4∞ AÒO\ELECTRÛNICA DIGITAL II\ELECTDIGII_TRABAJOFINAL_CUBO4X4X4\CODIGOMPLAB\PROYECTOFINALCUBO4X4X4.X\CODECUBE.ASM 57 : Symbol not previously defined (numTeclado)
Error[113]   C:\USERS\MATTHEW\DOCUMENTS\MATT\FACULTAD\4∞ AÒO\ELECTRÛNICA DIGITAL II\ELECTDIGII_TRABAJOFINAL_CUBO4X4X4\CODIGOMPLAB\PROYECTOFINALCUBO4X4X4.X\CODECUBE.ASM 58 : Symbol not previously defined (brillo)
Error[113]   C:\USERS\MATTHEW\DOCUMENTS\MATT\FACULTAD\4∞ AÒO\ELECTRÛNICA DIGITAL II\ELECTDIGII_TRABAJOFINAL_CUBO4X4X4\CODIGOMPLAB\PROYECTOFINALCUBO4X4X4.X\CODECUBE.ASM 66 : Symbol not previously defined (InterrRBIE)
Error[121]   C:\USERS\MATTHEW\DOCUMENTS\MATT\FACULTAD\4∞ AÒO\ELECTRÛNICA DIGITAL II\ELECTDIGII_TRABAJOFINAL_CUBO4X4X4\CODIGOMPLAB\PROYECTOFINALCUBO4X4X4.X\CODECUBE.ASM 75 : Illegal label (Loop1)
Error[113]   C:\USERS\MATTHEW\DOCUMENTS\MATT\FACULTAD\4∞ AÒO\ELECTRÛNICA DIGITAL II\ELECTDIGII_TRABAJOFINAL_CUBO4X4X4\CODIGOMPLAB\PROYECTOFINALCUBO4X4X4.X\CODECUBE.ASM 77 : Symbol not previously defined (Loop1)
Error[113]   C:\USERS\MATTHEW\DOCUMENTS\MATT\FACULTAD\4∞ AÒO\ELECTRÛNICA DIGITAL II\ELECTDIGII_TRABAJOFINAL_CUBO4X4X4\CODIGOMPLAB\PROYECTOFINALCUBO4X4X4.X\CODECUBE.ASM 80 : Symbol not previously defined (BrilloAlto)
Error[113]   C:\USERS\MATTHEW\DOCUMENTS\MATT\FACULTAD\4∞ AÒO\ELECTRÛNICA DIGITAL II\ELECTDIGII_TRABAJOFINAL_CUBO4X4X4\CODIGOMPLAB\PROYECTOFINALCUBO4X4X4.X\CODECUBE.ASM 81 : Symbol not previously defined (BrilloBajo)
Message[305] C:\USERS\MATTHEW\DOCUMENTS\MATT\FACULTAD\4∞ AÒO\ELECTRÛNICA DIGITAL II\ELECTDIGII_TRABAJOFINAL_CUBO4X4X4\CODIGOMPLAB\PROYECTOFINALCUBO4X4X4.X\CODECUBE.ASM 83 : Using default destination of 1 (file).
Error[113]   C:\USERS\MATTHEW\DOCUMENTS\MATT\FACULTAD\4∞ AÒO\ELECTRÛNICA DIGITAL II\ELECTDIGII_TRABAJOFINAL_CUBO4X4X4\CODIGOMPLAB\PROYECTOFINALCUBO4X4X4.X\CODECUBE.ASM 83 : Symbol not previously defined (numTeclado)
Error[113]   C:\USERS\MATTHEW\DOCUMENTS\MATT\FACULTAD\4∞ AÒO\ELECTRÛNICA DIGITAL II\ELECTDIGII_TRABAJOFINAL_CUBO4X4X4\CODIGOMPLAB\PROYECTOFINALCUBO4X4X4.X\CODECUBE.ASM 95 : Symbol not previously defined (numPiso)
Error[113]   C:\USERS\MATTHEW\DOCUMENTS\MATT\FACULTAD\4∞ AÒO\ELECTRÛNICA DIGITAL II\ELECTDIGII_TRABAJOFINAL_CUBO4X4X4\CODIGOMPLAB\PROYECTOFINALCUBO4X4X4.X\CODECUBE.ASM 97 : Symbol not previously defined (numPiso)
Error[113]   C:\USERS\MATTHEW\DOCUMENTS\MATT\FACULTAD\4∞ AÒO\ELECTRÛNICA DIGITAL II\ELECTDIGII_TRABAJOFINAL_CUBO4X4X4\CODIGOMPLAB\PROYECTOFINALCUBO4X4X4.X\CODECUBE.ASM 98 : Symbol not previously defined (z)
Error[113]   C:\USERS\MATTHEW\DOCUMENTS\MATT\FACULTAD\4∞ AÒO\ELECTRÛNICA DIGITAL II\ELECTDIGII_TRABAJOFINAL_CUBO4X4X4\CODIGOMPLAB\PROYECTOFINALCUBO4X4X4.X\CODECUBE.ASM 99 : Symbol not previously defined (numPiso)
Error[113]   C:\USERS\MATTHEW\DOCUMENTS\MATT\FACULTAD\4∞ AÒO\ELECTRÛNICA DIGITAL II\ELECTDIGII_TRABAJOFINAL_CUBO4X4X4\CODIGOMPLAB\PROYECTOFINALCUBO4X4X4.X\CODECUBE.ASM 108 : Symbol not previously defined (numPiso)
Error[113]   C:\USERS\MATTHEW\DOCUMENTS\MATT\FACULTAD\4∞ AÒO\ELECTRÛNICA DIGITAL II\ELECTDIGII_TRABAJOFINAL_CUBO4X4X4\CODIGOMPLAB\PROYECTOFINALCUBO4X4X4.X\CODECUBE.ASM 110 : Symbol not previously defined (numPiso)
Error[113]   C:\USERS\MATTHEW\DOCUMENTS\MATT\FACULTAD\4∞ AÒO\ELECTRÛNICA DIGITAL II\ELECTDIGII_TRABAJOFINAL_CUBO4X4X4\CODIGOMPLAB\PROYECTOFINALCUBO4X4X4.X\CODECUBE.ASM 111 : Symbol not previously defined (z)
Error[113]   C:\USERS\MATTHEW\DOCUMENTS\MATT\FACULTAD\4∞ AÒO\ELECTRÛNICA DIGITAL II\ELECTDIGII_TRABAJOFINAL_CUBO4X4X4\CODIGOMPLAB\PROYECTOFINALCUBO4X4X4.X\CODECUBE.ASM 112 : Symbol not previously defined (numPiso)
Error[113]   C:\USERS\MATTHEW\DOCUMENTS\MATT\FACULTAD\4∞ AÒO\ELECTRÛNICA DIGITAL II\ELECTDIGII_TRABAJOFINAL_CUBO4X4X4\CODIGOMPLAB\PROYECTOFINALCUBO4X4X4.X\CODECUBE.ASM 121 : Symbol not previously defined (numPiso)
Error[113]   C:\USERS\MATTHEW\DOCUMENTS\MATT\FACULTAD\4∞ AÒO\ELECTRÛNICA DIGITAL II\ELECTDIGII_TRABAJOFINAL_CUBO4X4X4\CODIGOMPLAB\PROYECTOFINALCUBO4X4X4.X\CODECUBE.ASM 123 : Symbol not previously defined (numPiso)
Error[113]   C:\USERS\MATTHEW\DOCUMENTS\MATT\FACULTAD\4∞ AÒO\ELECTRÛNICA DIGITAL II\ELECTDIGII_TRABAJOFINAL_CUBO4X4X4\CODIGOMPLAB\PROYECTOFINALCUBO4X4X4.X\CODECUBE.ASM 124 : Symbol not previously defined (z)
Error[113]   C:\USERS\MATTHEW\DOCUMENTS\MATT\FACULTAD\4∞ AÒO\ELECTRÛNICA DIGITAL II\ELECTDIGII_TRABAJOFINAL_CUBO4X4X4\CODIGOMPLAB\PROYECTOFINALCUBO4X4X4.X\CODECUBE.ASM 125 : Symbol not previously defined (numPiso)
Error[113]   C:\USERS\MATTHEW\DOCUMENTS\MATT\FACULTAD\4∞ AÒO\ELECTRÛNICA DIGITAL II\ELECTDIGII_TRABAJOFINAL_CUBO4X4X4\CODIGOMPLAB\PROYECTOFINALCUBO4X4X4.X\CODECUBE.ASM 126 : Symbol not previously defined (numPiso)
Message[305] C:\USERS\MATTHEW\DOCUMENTS\MATT\FACULTAD\4∞ AÒO\ELECTRÛNICA DIGITAL II\ELECTDIGII_TRABAJOFINAL_CUBO4X4X4\CODIGOMPLAB\PROYECTOFINALCUBO4X4X4.X\CODECUBE.ASM 137 : Using default destination of 1 (file).
Error[113]   C:\USERS\MATTHEW\DOCUMENTS\MATT\FACULTAD\4∞ AÒO\ELECTRÛNICA DIGITAL II\ELECTDIGII_TRABAJOFINAL_CUBO4X4X4\CODIGOMPLAB\PROYECTOFINALCUBO4X4X4.X\CODECUBE.ASM 137 : Symbol not previously defined (numPiso)
Error[129]   C:\USERS\MATTHEW\DOCUMENTS\MATT\FACULTAD\4∞ AÒO\ELECTRÛNICA DIGITAL II\ELECTDIGII_TRABAJOFINAL_CUBO4X4X4\CODIGOMPLAB\PROYECTOFINALCUBO4X4X4.X\CODECUBE.ASM 144 : Expected (END)
