MPASM 5.66            SERIESECUENCIA15-6.ASM   6-15-2016  20:10:43         PAGE  1


LOC  OBJECT CODE     LINE SOURCE TEXT
  VALUE

                      00001 ; PIC16F887 Configuration Bit Settings
                      00002 
                      00003 ; ASM source line config statements
                      00004 
                      00005 #include "p16F887.inc"
                      00001         LIST
                      00002 
                      00003 ;==========================================================================
                      00004 ; Build date : Feb 01 2016
                      00005 ;  MPASM PIC16F887 processor include
                      00006 ; 
                      00007 ;  (c) Copyright 1999-2016 Microchip Technology, All rights reserved
                      00008 ;==========================================================================
                      00009 
                      00810         LIST
                      00006 
                      00007 ; CONFIG1
                      00008 ; __config 0xEFF4
2007   2FF4           00009  __CONFIG _CONFIG1, _FOSC_INTRC_NOCLKOUT & _WDTE_OFF & _PWRTE_OFF & _MCLRE_ON & _CP_OFF & _CPD_OFF & _BO
                            REN_ON & _IESO_ON & _FCMEN_ON & _LVP_OFF
                      00010 ; CONFIG2
                      00011 ; __config 0xFFFF
2008   3FFF           00012  __CONFIG _CONFIG2, _BOR4V_BOR40V & _WRT_OFF
                      00013 
Warning[205]: Found directive in column 1. (udata)
                      00014 udata   0x22
0022                  00015 numPiso   res 1
0023                  00016 contaLed  res 1           
0024                  00017 dato      res 1
0025                  00018 err_f     res 1
0026                  00019 err_or    res 1
0027                  00020 secuencia res 1
Warning[205]: Found directive in column 1. (org)
                      00021 org      0x00
Warning[203]: Found opcode in column 1. (goto)
0000   2???           00022 goto     INICIO
Warning[205]: Found directive in column 1. (org)
                      00023 org      0x04
Warning[203]: Found opcode in column 1. (goto)
0004   2???           00024 goto     ISR
                      00025  
0005                  00026 INICIO
                      00027 ;------- Port  Config
0005   1683 1303      00028         banksel TRISB ; en el puerto B va el teclado, el pin RB0 no va a ser usado
Message[302]: Register in operand not in bank 0.  Ensure that bank bits are correct.
0007   0187           00029         clrf    TRISC
Message[302]: Register in operand not in bank 0.  Ensure that bank bits are correct.
0008   0188           00030         clrf    TRISD
Message[302]: Register in operand not in bank 0.  Ensure that bank bits are correct.
0009   0185           00031         clrf    TRISA
                      00032 ;------- Config Comunicacion Serie
000A   1683           00033         bsf     STATUS,RP0      ;-----------------BANK1
000B   3000           00034         movlw   b'00000000'     ;Ver SENDB
MPASM 5.66            SERIESECUENCIA15-6.ASM   6-15-2016  20:10:43         PAGE  2


LOC  OBJECT CODE     LINE SOURCE TEXT
  VALUE

Message[302]: Register in operand not in bank 0.  Ensure that bank bits are correct.
000C   0098           00035         movwf   TXSTA
000D   3019           00036         movlw   .25             ;Elijo velocidad de transmsion de 2400 baudios
Message[302]: Register in operand not in bank 0.  Ensure that bank bits are correct.
000E   0099           00037         movwf   SPBRG
000F   1703           00038         bsf     STATUS,RP1      ;-----------------BANK3
Message[302]: Register in operand not in bank 0.  Ensure that bank bits are correct.
0010   1187           00039         bcf     BAUDCTL,BRG16
0011   1283           00040         bcf     STATUS,RP0
0012   1303           00041         bcf     STATUS,RP1      ;-----------------BANK0
0013   3090           00042         movlw   b'10010000'
0014   0098           00043         movwf   RCSTA   
                      00044 ;------- Config Interrumpciones
0015   1683 1303      00045         banksel OPTION_REG
0017   30A0           00046         movlw   b'10100000' ;interrumpo por TMR0
0018   008B           00047         movwf   INTCON
0019   3083           00048         movlw   b'10000011' ;PS=16 
Message[302]: Register in operand not in bank 0.  Ensure that bank bits are correct.
001A   0081           00049         movwf   OPTION_REG                  
001B   1683 1703      00050         banksel ANSEL
Message[302]: Register in operand not in bank 0.  Ensure that bank bits are correct.
001D   0188           00051         clrf    ANSEL
001E   1683 1703      00052         banksel ANSELH
Message[302]: Register in operand not in bank 0.  Ensure that bank bits are correct.
0020   0189           00053         clrf    ANSELH              
                      00054 ;------- Inicialización Variables
0021   1283           00055         bcf     STATUS, RP0 ; vuelvo al banco 0
0022   1303           00056         bcf     STATUS, RP1
0023   0185           00057         clrf    PORTA
0024   0187           00058         clrf    PORTC
0025   0188           00059         clrf    PORTD
0026   01??           00060         clrf    numPiso
0027   3006           00061         movlw   .6
0028   0081           00062         movwf   TMR0
                      00063                     
0029                  00064 RECEPCION 
0029   1898           00065         btfsc   RCSTA,OERR
002A   2???           00066         goto    ERR_O 
002B   1E8C           00067         btfss   PIR1,RCIF
002C   2???           00068         goto    RECEPCION
002D   1918           00069         btfsc   RCSTA,FERR
002E   0A??           00070         incf    err_f,f
002F   081A           00071         movf    RCREG,w
0030   00??           00072         movwf   dato
0031   2???           00073         call    SET_DATO        
0032   2???           00074         goto    RECEPCION
                      00075         
0033                  00076 ERR_O:
0033   0A??           00077         incf    err_or,f
0034   1218           00078         bcf     RCSTA,CREN
0035   1618           00079         bsf     RCSTA,CREN
0036   2???           00080         goto    RECEPCION       
                      00081 
MPASM 5.66            SERIESECUENCIA15-6.ASM   6-15-2016  20:10:43         PAGE  3


LOC  OBJECT CODE     LINE SOURCE TEXT
  VALUE

0037                  00082 SET_DATO: 
Message[305]: Using default destination of 1 (file).
0037   08??           00083         movf    dato
0038   3C02           00084         sublw   .2 ; Mis datos validos van entre 0 y 2 
0039   1C03           00085         btfss   STATUS,C
003A   0008           00086         return
003B   300F           00087         movlw   0x0F
003C   05??           00088         andwf   dato,f ; Los datos son enviados en ASCII
003D   2???           00089         call    SET_SECUENCIA
003E   00??           00090         movwf   secuencia
003F   0008           00091         return
                      00092 
0040                  00093 SET_SECUENCIA:  
0040   08??           00094         movf    dato,w
0041   0782           00095         addwf   PCL,f
0042   3400           00096         retlw   .0
0043   3401           00097         retlw   .1
0044   3402           00098         retlw   .2
                      00099         
0045                  00100 ISR:
0045   1D0B           00101         btfss   INTCON,T0IF
0046   2???           00102         goto    VOLVER
0047   110B           00103         bcf     INTCON,T0IF
0048   2???           00104         call    GET_PISO
0049   0087           00105         movwf   PORTC
004A   2???           00106         call    SET_NUMPISO
004B   2???           00107         goto    GET_SECUENCIA   
004C                  00108 VOLVER  
004C   3006           00109         movlw   .6
004D   0081           00110         movwf   TMR0
004E   0009           00111         retfie
                      00112 
004F                  00113 GET_PISO:
004F   08??           00114         movf    numPiso,w ; Selecciona el piso a prenderse
0050   0782           00115         addwf   PCL,f
0051   3401           00116         retlw   b'00000001' 
0052   3402           00117         retlw   b'00000010'
0053   3404           00118         retlw   b'00000100'
0054   3408           00119         retlw   b'00001000'
                      00120         
0055                  00121 SET_NUMPISO:
0055   0A??           00122         incf    numPiso,f
0056   3004           00123         movlw   .4
0057   06??           00124         xorwf   numPiso,w ; chequeo q no me pase de los 4 pisos 
0058   1903           00125         btfsc   STATUS,Z
0059   01??           00126         clrf    numPiso
005A   0008           00127         return
                      00128 
005B                  00129 GET_SECUENCIA
005B   08??           00130         movf    secuencia,w
005C   0782           00131         addwf   PCL,f
005D   2???           00132         goto    PRENDE_TODO_CUBO
005E   2???           00133         goto    PRENDE_1x1
MPASM 5.66            SERIESECUENCIA15-6.ASM   6-15-2016  20:10:43         PAGE  4


LOC  OBJECT CODE     LINE SOURCE TEXT
  VALUE

005F   2???           00134         goto    PRENDE_PERIMETRO
                      00135         
0060                  00136 PRENDE_TODO_CUBO
0060   1683 1303      00137         banksel OPTION_REG
0062   3083           00138         movlw   b'10000011'; PS=16
Message[302]: Register in operand not in bank 0.  Ensure that bank bits are correct.
0063   0081           00139         movwf   OPTION_REG
0064   1283           00140         bcf     STATUS,RP0
0065   30FF           00141         movlw   0xFF
0066   0088           00142         movwf   PORTD
0067   0085           00143         movwf   PORTA
0068   2???           00144         goto    VOLVER
                      00145         
0069                  00146 PRENDE_1x1 ;--- La modifique
0069   1683 1303      00147         banksel OPTION_REG
006B   3087           00148         movlw   b'10000111'; PS=128
Message[302]: Register in operand not in bank 0.  Ensure that bank bits are correct.
006C   0081           00149         movwf   OPTION_REG
006D   1283           00150         bcf     STATUS,RP0
006E   2???           00151         call    SELECT_LED_ON
006F   0088           00152         movwf   PORTD
0070   0085           00153         movwf   PORTA
0071   0A??           00154         incf    contaLed,f
0072   3008           00155         movlw   .8
0073   06??           00156         xorwf   contaLed,w
0074   1903           00157         btfsc   STATUS,Z
0075   01??           00158         clrf    contaLed
0076   2???           00159         goto    VOLVER
0077                  00160 SELECT_LED_ON:
0077   08??           00161         movf    contaLed,w
0078   0782           00162         addwf   PCL,f
0079   3401           00163         retlw   b'00000001'
007A   3402           00164         retlw   b'00000010'
007B   3404           00165         retlw   b'00000100'
007C   3408           00166         retlw   b'00001000'
007D   3410           00167         retlw   b'00010000'
007E   3420           00168         retlw   b'00100000'
007F   3440           00169         retlw   b'01000000'
0080   3480           00170         retlw   b'10000000'
                      00171                 
0081                  00172 PRENDE_PERIMETRO
0081   1683 1303      00173         banksel OPTION_REG
0083   3083           00174         movlw   b'10000011' ;PS=16
Message[302]: Register in operand not in bank 0.  Ensure that bank bits are correct.
0084   0081           00175         movwf   OPTION_REG
0085   1283           00176         bcf     STATUS,RP0
0086   08??           00177         movf    numPiso,w
0087   0782           00178         addwf   PCL,f
0088   2???           00179         goto    PRIMERO_ULTIMO
0089   2???           00180         goto    MEDIO
008A   2???           00181         goto    MEDIO
008B   2???           00182         goto    PRIMERO_ULTIMO
008C                  00183 PRIMERO_ULTIMO  
MPASM 5.66            SERIESECUENCIA15-6.ASM   6-15-2016  20:10:43         PAGE  5


LOC  OBJECT CODE     LINE SOURCE TEXT
  VALUE

008C   309F           00184         movlw   b'10011111'
008D   0085           00185         movwf   PORTA
008E   30F9           00186         movlw   b'11111001'
008F   0088           00187         movwf   PORTD
0090   2???           00188         goto    VOLVER
0091                  00189 MEDIO   
0091   3009           00190         movlw   b'00001001'
0092   0085           00191         movwf   PORTA
0093   3090           00192         movlw   b'10010000'
0094   0088           00193         movwf   PORTD
0095   2???           00194         goto    VOLVER
                      00195         
2FF4 3FFF             00196         end
MPASM 5.66            SERIESECUENCIA15-6.ASM   6-15-2016  20:10:43         PAGE  6


SYMBOL TABLE
  LABEL                             VALUE 

ABDEN                             00000000
ABDOVF                            00000007
ACKDT                             00000005
ACKEN                             00000004
ACKSTAT                           00000006
ADCON0                            0000001F
ADCON1                            0000009F
ADCS0                             00000006
ADCS1                             00000007
ADDEN                             00000003
ADFM                              00000007
ADIE                              00000006
ADIF                              00000006
ADON                              00000000
ADRESH                            0000001E
ADRESL                            0000009E
ANS0                              00000000
ANS1                              00000001
ANS10                             00000002
ANS11                             00000003
ANS12                             00000004
ANS13                             00000005
ANS2                              00000002
ANS3                              00000003
ANS4                              00000004
ANS5                              00000005
ANS6                              00000006
ANS7                              00000007
ANS8                              00000000
ANS9                              00000001
ANSEL                             00000188
ANSELH                            00000189
BAUDCTL                           00000187
BCLIE                             00000003
BCLIF                             00000003
BF                                00000000
BRG0                              00000000
BRG1                              00000001
BRG10                             00000002
BRG11                             00000003
BRG12                             00000004
BRG13                             00000005
BRG14                             00000006
BRG15                             00000007
BRG16                             00000003
BRG2                              00000002
BRG3                              00000003
BRG4                              00000004
BRG5                              00000005
BRG6                              00000006
BRG7                              00000007
BRG8                              00000000
BRG9                              00000001
MPASM 5.66            SERIESECUENCIA15-6.ASM   6-15-2016  20:10:43         PAGE  7


SYMBOL TABLE
  LABEL                             VALUE 

BRGH                              00000002
C                                 00000000
C1CH0                             00000000
C1CH1                             00000001
C1IE                              00000005
C1IF                              00000005
C1OE                              00000005
C1ON                              00000007
C1OUT                             00000006
C1POL                             00000004
C1R                               00000002
C1RSEL                            00000005
C1SEN                             00000005
C2CH0                             00000000
C2CH1                             00000001
C2IE                              00000006
C2IF                              00000006
C2OE                              00000005
C2ON                              00000007
C2OUT                             00000006
C2POL                             00000004
C2R                               00000002
C2REN                             00000004
C2RSEL                            00000004
C2SYNC                            00000000
CCP1CON                           00000017
CCP1IE                            00000002
CCP1IF                            00000002
CCP1M0                            00000000
CCP1M1                            00000001
CCP1M2                            00000002
CCP1M3                            00000003
CCP1X                             00000005
CCP1Y                             00000004
CCP2CON                           0000001D
CCP2IE                            00000000
CCP2IF                            00000000
CCP2M0                            00000000
CCP2M1                            00000001
CCP2M2                            00000002
CCP2M3                            00000003
CCP2X                             00000005
CCP2Y                             00000004
CCPR1                             00000015
CCPR1H                            00000016
CCPR1L                            00000015
CCPR2                             0000001B
CCPR2H                            0000001C
CCPR2L                            0000001B
CHS0                              00000002
CHS1                              00000003
CHS2                              00000004
CHS3                              00000005
MPASM 5.66            SERIESECUENCIA15-6.ASM   6-15-2016  20:10:43         PAGE  8


SYMBOL TABLE
  LABEL                             VALUE 

CKE                               00000006
CKP                               00000004
CM1CON0                           00000107
CM2CON0                           00000108
CM2CON1                           00000109
CREN                              00000004
CSRC                              00000007
D                                 00000005
DATA_ADDRESS                      00000005
DC                                00000001
DC1B0                             00000004
DC1B1                             00000005
DC2B0                             00000004
DC2B1                             00000005
D_A                               00000005
D_NOT_A                           00000005
ECCPAS                            0000009C
ECCPAS0                           00000004
ECCPAS1                           00000005
ECCPAS2                           00000006
ECCPASE                           00000007
EEADR                             0000010D
EEADRH                            0000010F
EECON1                            0000018C
EECON2                            0000018D
EEDAT                             0000010C
EEDATA                            0000010C
EEDATH                            0000010E
EEIE                              00000004
EEIF                              00000004
EEPGD                             00000007
ERR_O                             00000033
F                                 00000001
FERR                              00000002
FSR                               00000004
FVREN                             00000000
GCEN                              00000007
GET_PISO                          0000004F
GET_SECUENCIA                     0000005B
GIE                               00000007
GO                                00000001
GO_DONE                           00000001
GO_NOT_DONE                       00000001
HTS                               00000002
I2C_DATA                          00000005
I2C_READ                          00000002
I2C_START                         00000003
I2C_STOP                          00000004
INDF                              00000000
INICIO                            00000005
INTCON                            0000000B
INTE                              00000004
INTEDG                            00000006
MPASM 5.66            SERIESECUENCIA15-6.ASM   6-15-2016  20:10:43         PAGE  9


SYMBOL TABLE
  LABEL                             VALUE 

INTF                              00000001
IOCB                              00000096
IOCB0                             00000000
IOCB1                             00000001
IOCB2                             00000002
IOCB3                             00000003
IOCB4                             00000004
IOCB5                             00000005
IOCB6                             00000006
IOCB7                             00000007
IRCF0                             00000004
IRCF1                             00000005
IRCF2                             00000006
IRP                               00000007
ISR                               00000045
LTS                               00000001
MC1OUT                            00000007
MC2OUT                            00000006
MEDIO                             00000091
MSK                               00000093
MSK0                              00000000
MSK1                              00000001
MSK2                              00000002
MSK3                              00000003
MSK4                              00000004
MSK5                              00000005
MSK6                              00000006
MSK7                              00000007
NOT_A                             00000005
NOT_ADDRESS                       00000005
NOT_BO                            00000000
NOT_BOR                           00000000
NOT_DONE                          00000001
NOT_PD                            00000003
NOT_POR                           00000001
NOT_RBPU                          00000007
NOT_RC8                           00000006
NOT_T1SYNC                        00000002
NOT_TO                            00000004
NOT_TX8                           00000006
NOT_W                             00000002
NOT_WRITE                         00000002
OERR                              00000001
OPTION_REG                        00000081
OSCCON                            0000008F
OSCTUNE                           00000090
OSFIE                             00000007
OSFIF                             00000007
OSTS                              00000003
P                                 00000004
P1M0                              00000006
P1M1                              00000007
PCL                               00000002
MPASM 5.66            SERIESECUENCIA15-6.ASM   6-15-2016  20:10:43         PAGE 10


SYMBOL TABLE
  LABEL                             VALUE 

PCLATH                            0000000A
PCON                              0000008E
PDC0                              00000000
PDC1                              00000001
PDC2                              00000002
PDC3                              00000003
PDC4                              00000004
PDC5                              00000005
PDC6                              00000006
PEIE                              00000006
PEN                               00000002
PIE1                              0000008C
PIE2                              0000008D
PIR1                              0000000C
PIR2                              0000000D
PORTA                             00000005
PORTB                             00000006
PORTC                             00000007
PORTD                             00000008
PORTE                             00000009
PR2                               00000092
PRENDE_1x1                        00000069
PRENDE_PERIMETRO                  00000081
PRENDE_TODO_CUBO                  00000060
PRIMERO_ULTIMO                    0000008C
PRSEN                             00000007
PS0                               00000000
PS1                               00000001
PS2                               00000002
PSA                               00000003
PSSAC0                            00000002
PSSAC1                            00000003
PSSBD0                            00000000
PSSBD1                            00000001
PSTRCON                           0000009D
PULSR                             00000002
PULSS                             00000003
PWM1CON                           0000009B
R                                 00000002
RA0                               00000000
RA1                               00000001
RA2                               00000002
RA3                               00000003
RA4                               00000004
RA5                               00000005
RA6                               00000006
RA7                               00000007
RB0                               00000000
RB1                               00000001
RB2                               00000002
RB3                               00000003
RB4                               00000004
RB5                               00000005
MPASM 5.66            SERIESECUENCIA15-6.ASM   6-15-2016  20:10:43         PAGE 11


SYMBOL TABLE
  LABEL                             VALUE 

RB6                               00000006
RB7                               00000007
RBIE                              00000003
RBIF                              00000000
RC0                               00000000
RC1                               00000001
RC2                               00000002
RC3                               00000003
RC4                               00000004
RC5                               00000005
RC6                               00000006
RC7                               00000007
RC8_9                             00000006
RC9                               00000006
RCD8                              00000000
RCEN                              00000003
RCIDL                             00000006
RCIE                              00000005
RCIF                              00000005
RCREG                             0000001A
RCSTA                             00000018
RD                                00000000
RD0                               00000000
RD1                               00000001
RD2                               00000002
RD3                               00000003
RD4                               00000004
RD5                               00000005
RD6                               00000006
RD7                               00000007
RE0                               00000000
RE1                               00000001
RE2                               00000002
RE3                               00000003
READ_WRITE                        00000002
RECEPCION                         00000029
RP0                               00000005
RP1                               00000006
RSEN                              00000001
RX9                               00000006
RX9D                              00000000
R_NOT_W                           00000002
R_W                               00000002
S                                 00000003
SBOREN                            00000004
SCKP                              00000004
SCS                               00000000
SELECT_LED_ON                     00000077
SEN                               00000000
SENDB                             00000003
SET_DATO                          00000037
SET_NUMPISO                       00000055
SET_SECUENCIA                     00000040
MPASM 5.66            SERIESECUENCIA15-6.ASM   6-15-2016  20:10:43         PAGE 12


SYMBOL TABLE
  LABEL                             VALUE 

SMP                               00000007
SPBRG                             00000099
SPBRGH                            0000009A
SPEN                              00000007
SR0                               00000006
SR1                               00000007
SRCON                             00000185
SREN                              00000005
SSPADD                            00000093
SSPBUF                            00000013
SSPCON                            00000014
SSPCON2                           00000091
SSPEN                             00000005
SSPIE                             00000003
SSPIF                             00000003
SSPM0                             00000000
SSPM1                             00000001
SSPM2                             00000002
SSPM3                             00000003
SSPMSK                            00000093
SSPOV                             00000006
SSPSTAT                           00000094
STATUS                            00000003
STRA                              00000000
STRB                              00000001
STRC                              00000002
STRD                              00000003
STRSYNC                           00000004
SWDTEN                            00000000
SYNC                              00000004
T0CS                              00000005
T0IE                              00000005
T0IF                              00000002
T0SE                              00000004
T1CKPS0                           00000004
T1CKPS1                           00000005
T1CON                             00000010
T1GINV                            00000007
T1GIV                             00000007
T1GSS                             00000001
T1INSYNC                          00000002
T1OSCEN                           00000003
T1SYNC                            00000002
T2CKPS0                           00000000
T2CKPS1                           00000001
T2CON                             00000012
TMR0                              00000001
TMR0IE                            00000005
TMR0IF                            00000002
TMR1                              0000000E
TMR1CS                            00000001
TMR1GE                            00000006
TMR1H                             0000000F
MPASM 5.66            SERIESECUENCIA15-6.ASM   6-15-2016  20:10:43         PAGE 13


SYMBOL TABLE
  LABEL                             VALUE 

TMR1IE                            00000000
TMR1IF                            00000000
TMR1L                             0000000E
TMR1ON                            00000000
TMR2                              00000011
TMR2IE                            00000001
TMR2IF                            00000001
TMR2ON                            00000002
TOUTPS0                           00000003
TOUTPS1                           00000004
TOUTPS2                           00000005
TOUTPS3                           00000006
TRISA                             00000085
TRISA0                            00000000
TRISA1                            00000001
TRISA2                            00000002
TRISA3                            00000003
TRISA4                            00000004
TRISA5                            00000005
TRISA6                            00000006
TRISA7                            00000007
TRISB                             00000086
TRISB0                            00000000
TRISB1                            00000001
TRISB2                            00000002
TRISB3                            00000003
TRISB4                            00000004
TRISB5                            00000005
TRISB6                            00000006
TRISB7                            00000007
TRISC                             00000087
TRISC0                            00000000
TRISC1                            00000001
TRISC2                            00000002
TRISC3                            00000003
TRISC4                            00000004
TRISC5                            00000005
TRISC6                            00000006
TRISC7                            00000007
TRISD                             00000088
TRISD0                            00000000
TRISD1                            00000001
TRISD2                            00000002
TRISD3                            00000003
TRISD4                            00000004
TRISD5                            00000005
TRISD6                            00000006
TRISD7                            00000007
TRISE                             00000089
TRISE0                            00000000
TRISE1                            00000001
TRISE2                            00000002
TRISE3                            00000003
MPASM 5.66            SERIESECUENCIA15-6.ASM   6-15-2016  20:10:43         PAGE 14


SYMBOL TABLE
  LABEL                             VALUE 

TRMT                              00000001
TUN0                              00000000
TUN1                              00000001
TUN2                              00000002
TUN3                              00000003
TUN4                              00000004
TX8_9                             00000006
TX9                               00000006
TX9D                              00000000
TXD8                              00000000
TXEN                              00000005
TXIE                              00000004
TXIF                              00000004
TXREG                             00000019
TXSTA                             00000098
UA                                00000001
ULPWUE                            00000005
ULPWUIE                           00000002
ULPWUIF                           00000002
VCFG0                             00000004
VCFG1                             00000005
VOLVER                            0000004C
VR0                               00000000
VR1                               00000001
VR2                               00000002
VR3                               00000003
VRCON                             00000097
VREN                              00000007
VROE                              00000006
VRR                               00000005
VRSS                              00000004
W                                 00000000
WCOL                              00000007
WDTCON                            00000105
WDTPS0                            00000001
WDTPS1                            00000002
WDTPS2                            00000003
WDTPS3                            00000004
WPUB                              00000095
WPUB0                             00000000
WPUB1                             00000001
WPUB2                             00000002
WPUB3                             00000003
WPUB4                             00000004
WPUB5                             00000005
WPUB6                             00000006
WPUB7                             00000007
WR                                00000001
WREN                              00000002
WRERR                             00000003
WUE                               00000001
Z                                 00000002
_BOR21V                           00003EFF
MPASM 5.66            SERIESECUENCIA15-6.ASM   6-15-2016  20:10:43         PAGE 15


SYMBOL TABLE
  LABEL                             VALUE 

_BOR40V                           00003FFF
_BOR4V_BOR21V                     00003EFF
_BOR4V_BOR40V                     00003FFF
_BOREN_NSLEEP                     00003EFF
_BOREN_OFF                        00003CFF
_BOREN_ON                         00003FFF
_BOREN_SBODEN                     00003DFF
_BOR_NSLEEP                       00003EFF
_BOR_OFF                          00003CFF
_BOR_ON                           00003FFF
_BOR_SBODEN                       00003DFF
_CONFIG1                          00002007
_CONFIG2                          00002008
_CPD_OFF                          00003FFF
_CPD_ON                           00003F7F
_CP_OFF                           00003FFF
_CP_ON                            00003FBF
_DEBUG_OFF                        00003FFF
_DEBUG_ON                         00001FFF
_DEVID1                           00002006
_EC_OSC                           00003FFB
_EXTRC                            00003FFF
_EXTRCIO                          00003FFE
_EXTRC_OSC_CLKOUT                 00003FFF
_EXTRC_OSC_NOCLKOUT               00003FFE
_FCMEN_OFF                        000037FF
_FCMEN_ON                         00003FFF
_FOSC_EC                          00003FFB
_FOSC_EXTRC_CLKOUT                00003FFF
_FOSC_EXTRC_NOCLKOUT              00003FFE
_FOSC_HS                          00003FFA
_FOSC_INTRC_CLKOUT                00003FFD
_FOSC_INTRC_NOCLKOUT              00003FFC
_FOSC_LP                          00003FF8
_FOSC_XT                          00003FF9
_HS_OSC                           00003FFA
_IDLOC0                           00002000
_IDLOC1                           00002001
_IDLOC2                           00002002
_IDLOC3                           00002003
_IESO_OFF                         00003BFF
_IESO_ON                          00003FFF
_INTOSC                           00003FFD
_INTOSCIO                         00003FFC
_INTRC_OSC_CLKOUT                 00003FFD
_INTRC_OSC_NOCLKOUT               00003FFC
_LP_OSC                           00003FF8
_LVP_OFF                          00002FFF
_LVP_ON                           00003FFF
_MCLRE_OFF                        00003FDF
_MCLRE_ON                         00003FFF
_PWRTE_OFF                        00003FFF
_PWRTE_ON                         00003FEF
MPASM 5.66            SERIESECUENCIA15-6.ASM   6-15-2016  20:10:43         PAGE 16


SYMBOL TABLE
  LABEL                             VALUE 

_WDTE_OFF                         00003FF7
_WDTE_ON                          00003FFF
_WDT_OFF                          00003FF7
_WDT_ON                           00003FFF
_WRT_1FOURTH                      00003BFF
_WRT_256                          00003DFF
_WRT_HALF                         000039FF
_WRT_OFF                          00003FFF
_XT_OSC                           00003FF9
__16F887                          00000001
__DEBUG                           
__MPLAB_DEBUGGER_SIMULATOR        1
contaLed                          00000023
dato                              00000024
err_f                             00000025
err_or                            00000026
numPiso                           00000022
secuencia                         00000027

Errors   :     0
Warnings :     5 reported,     0 suppressed
Messages :    13 reported,     0 suppressed

