MPASM 5.66            SERIESECUENCIA15-6.ASM   6-16-2016  14:31:38         PAGE  1


LOC  OBJECT CODE     LINE SOURCE TEXT
  VALUE

                      00001 ; PIC16F887 Configuration Bit Settings
                      00002 
                      00003 ; ASM source line config statements
                      00004 
                      00005 #include "p16F887.inc"
                      00001         LIST
                      00002 
                      00003 ;==========================================================================
                      00004 ; Build date : Feb 01 2016
                      00005 ;  MPASM PIC16F887 processor include
                      00006 ; 
                      00007 ;  (c) Copyright 1999-2016 Microchip Technology, All rights reserved
                      00008 ;==========================================================================
                      00009 
                      00810         LIST
                      00006 
                      00007 ; CONFIG1
                      00008 ; __config 0xEFF4
2007   2FF4           00009  __CONFIG _CONFIG1, _FOSC_INTRC_NOCLKOUT & _WDTE_OFF & _PWRTE_OFF & _MCLRE_ON & _CP_OFF & _CPD_OFF & _BO
                            REN_ON & _IESO_ON & _FCMEN_ON & _LVP_OFF
                      00010 ; CONFIG2
                      00011 ; __config 0xFFFF
2008   3FFF           00012  __CONFIG _CONFIG2, _BOR4V_BOR40V & _WRT_OFF
                      00013 
Warning[205]: Found directive in column 1. (udata)
                      00014 udata   0x22
0022                  00015 numPiso   res 1
0023                  00016 contaLed  res 1           
0024                  00017 dato      res 1
0025                  00018 err_or    res 1
0026                  00019 secuencia res 1
0027                  00020 boliche_flag res 1
0028                  00021 veces_on  res 1
Warning[205]: Found directive in column 1. (org)
                      00022 org      0x00
Warning[203]: Found opcode in column 1. (goto)
0000   2???           00023 goto     INICIO
Warning[205]: Found directive in column 1. (org)
                      00024 org      0x04
Warning[203]: Found opcode in column 1. (goto)
0004   2???           00025 goto     ISR
                      00026  
0005                  00027 INICIO
                      00028 ;------- Port  Config
0005   1683 1303      00029         banksel TRISB ; en el puerto B va el teclado, el pin RB0 no va a ser usado
Message[302]: Register in operand not in bank 0.  Ensure that bank bits are correct.
0007   0187           00030         clrf    TRISC
Message[302]: Register in operand not in bank 0.  Ensure that bank bits are correct.
0008   0188           00031         clrf    TRISD
Message[302]: Register in operand not in bank 0.  Ensure that bank bits are correct.
0009   0185           00032         clrf    TRISA
                      00033 ;------- Config Comunicacion Serie
000A   1683           00034         bsf     STATUS,RP0      ;-----------------BANK1
MPASM 5.66            SERIESECUENCIA15-6.ASM   6-16-2016  14:31:38         PAGE  2


LOC  OBJECT CODE     LINE SOURCE TEXT
  VALUE

000B   3000           00035         movlw   b'00000000'     ;Ver SENDB
Message[302]: Register in operand not in bank 0.  Ensure that bank bits are correct.
000C   0098           00036         movwf   TXSTA
000D   3019           00037         movlw   .25             ;Elijo velocidad de transmsion de 2400 baudios
Message[302]: Register in operand not in bank 0.  Ensure that bank bits are correct.
000E   0099           00038         movwf   SPBRG
000F   1703           00039         bsf     STATUS,RP1      ;-----------------BANK3
Message[302]: Register in operand not in bank 0.  Ensure that bank bits are correct.
0010   1187           00040         bcf     BAUDCTL,BRG16
0011   1283           00041         bcf     STATUS,RP0
0012   1303           00042         bcf     STATUS,RP1      ;-----------------BANK0
0013   3090           00043         movlw   b'10010000'
0014   0098           00044         movwf   RCSTA   
                      00045 ;------- Config Interrumpciones
0015   1683 1303      00046         banksel OPTION_REG
0017   30A0           00047         movlw   b'10100000' ;interrumpo por TMR0
0018   008B           00048         movwf   INTCON
0019   3083           00049         movlw   b'10000011' ;PS=16 
Message[302]: Register in operand not in bank 0.  Ensure that bank bits are correct.
001A   0081           00050         movwf   OPTION_REG                  
001B   1683 1703      00051         banksel ANSEL
Message[302]: Register in operand not in bank 0.  Ensure that bank bits are correct.
001D   0188           00052         clrf    ANSEL
001E   1683 1703      00053         banksel ANSELH
Message[302]: Register in operand not in bank 0.  Ensure that bank bits are correct.
0020   0189           00054         clrf    ANSELH              
                      00055 ;------- Inicialización Variables
0021   1283           00056         bcf     STATUS, RP0 ; vuelvo al banco 0
0022   1303           00057         bcf     STATUS, RP1
0023   0185           00058         clrf    PORTA
0024   0187           00059         clrf    PORTC
0025   0188           00060         clrf    PORTD
0026   01??           00061         clrf    numPiso
0027   01??           00062         clrf    contaLed
0028   01??           00063         clrf    dato
0029   01??           00064         clrf    secuencia
002A   01??           00065         clrf    err_or
002B   01??           00066         clrf    boliche_flag
002C   01??           00067         clrf    veces_on
002D   3006           00068         movlw   .6
002E   0081           00069         movwf   TMR0
                      00070                     
002F                  00071 RECEPCION 
002F   1898           00072         btfsc   RCSTA,OERR
0030   2???           00073         goto    ERR_O 
0031   1E8C           00074         btfss   PIR1,RCIF
0032   2???           00075         goto    RECEPCION
0033   081A           00076         movf    RCREG,w
0034   00??           00077         movwf   dato            
0035   300F           00078         movlw   0x0F
0036   05??           00079         andwf   dato,f ; Los datos son enviados en ASCII
0037   2???           00080         call    SET_DATO        
0038   2???           00081         goto    RECEPCION
MPASM 5.66            SERIESECUENCIA15-6.ASM   6-16-2016  14:31:38         PAGE  3


LOC  OBJECT CODE     LINE SOURCE TEXT
  VALUE

                      00082         
0039                  00083 ERR_O:
0039   0A??           00084         incf    err_or,f
003A   1218           00085         bcf     RCSTA,CREN
003B   1618           00086         bsf     RCSTA,CREN
003C   2???           00087         goto    RECEPCION       
                      00088 
003D                  00089 SET_DATO: 
003D   08??           00090         movf    dato,w
003E   3C04           00091         sublw   .4 ; Mis datos validos van entre 0 y 2  
003F   1C03           00092         btfss   STATUS,C
0040   0008           00093         return
0041   2???           00094         call    SET_SECUENCIA
0042   00??           00095         movwf   secuencia
0043   0008           00096         return
                      00097 
0044                  00098 SET_SECUENCIA:  
0044   08??           00099         movf    dato,w
0045   0782           00100         addwf   PCL,f
0046   3400           00101         retlw   .0
0047   3401           00102         retlw   .1
0048   3402           00103         retlw   .2
0049   3403           00104         retlw   .3
004A   3404           00105         retlw   .4
                      00106         
004B                  00107 ISR:
004B   1D0B           00108         btfss   INTCON,T0IF
004C   2???           00109         goto    VOLVER
004D   110B           00110         bcf     INTCON,T0IF
004E   2???           00111         call    GET_PISO
004F   0087           00112         movwf   PORTC   
0050   2???           00113         goto    GET_SECUENCIA   
0051                  00114 VOLVER  
0051   2???           00115         call    SET_NUMPISO
0052   3006           00116         movlw   .6
0053   0081           00117         movwf   TMR0
0054   0009           00118         retfie
                      00119 
0055                  00120 GET_PISO:
0055   08??           00121         movf    numPiso,w ; Selecciona el piso a prenderse
0056   0782           00122         addwf   PCL,f
0057   3401           00123         retlw   b'00000001' 
0058   3402           00124         retlw   b'00000010'
0059   3404           00125         retlw   b'00000100'
005A   3408           00126         retlw   b'00001000'
                      00127         
005B                  00128 SET_NUMPISO:
005B   0A??           00129         incf    numPiso,f
005C   3004           00130         movlw   .4
005D   06??           00131         xorwf   numPiso,w ; chequeo q no me pase de los 4 pisos 
005E   1903           00132         btfsc   STATUS,Z
005F   01??           00133         clrf    numPiso
0060   0008           00134         return
MPASM 5.66            SERIESECUENCIA15-6.ASM   6-16-2016  14:31:38         PAGE  4


LOC  OBJECT CODE     LINE SOURCE TEXT
  VALUE

                      00135 
0061                  00136 GET_SECUENCIA
0061   08??           00137         movf    secuencia,w
0062   0782           00138         addwf   PCL,f
0063   2???           00139         goto    PRENDE_TODO_CUBO
0064   2???           00140         goto    PRENDE_1x1
0065   2???           00141         goto    PRENDE_PERIMETRO
0066   2???           00142         goto    PRENDE_COLUM
0067   2???           00143         goto    PRENDE_BOLICHE
                      00144         
0068                  00145 PRENDE_TODO_CUBO
0068   1683 1303      00146         banksel OPTION_REG
006A   3083           00147         movlw   b'10000011'; PS=16
Message[302]: Register in operand not in bank 0.  Ensure that bank bits are correct.
006B   0081           00148         movwf   OPTION_REG
006C   1283           00149         bcf     STATUS,RP0
006D   30FF           00150         movlw   0xFF
006E   0088           00151         movwf   PORTD
006F   0085           00152         movwf   PORTA
0070   2???           00153         goto    VOLVER
                      00154         
0071                  00155 PRENDE_1x1 ;--- La modifique
0071   1683 1303      00156         banksel OPTION_REG
0073   3087           00157         movlw   b'10000111'; PS=128
Message[302]: Register in operand not in bank 0.  Ensure that bank bits are correct.
0074   0081           00158         movwf   OPTION_REG
0075   1283           00159         bcf     STATUS,RP0
0076   2???           00160         call    SELECT_LED_ON
0077   0088           00161         movwf   PORTD
0078   0085           00162         movwf   PORTA
0079   0A??           00163         incf    contaLed,f
007A   3008           00164         movlw   .8
007B   06??           00165         xorwf   contaLed,w
007C   1903           00166         btfsc   STATUS,Z
007D   01??           00167         clrf    contaLed
007E   2???           00168         goto    VOLVER
007F                  00169 SELECT_LED_ON:
007F   08??           00170         movf    contaLed,w
0080   0782           00171         addwf   PCL,f
0081   3401           00172         retlw   b'00000001'
0082   3402           00173         retlw   b'00000010'
0083   3404           00174         retlw   b'00000100'
0084   3408           00175         retlw   b'00001000'
0085   3410           00176         retlw   b'00010000'
0086   3420           00177         retlw   b'00100000'
0087   3440           00178         retlw   b'01000000'
0088   3480           00179         retlw   b'10000000'
                      00180                 
0089                  00181 PRENDE_PERIMETRO
0089   1683 1303      00182         banksel OPTION_REG
008B   3083           00183         movlw   b'10000011' ;PS=16
Message[302]: Register in operand not in bank 0.  Ensure that bank bits are correct.
008C   0081           00184         movwf   OPTION_REG
MPASM 5.66            SERIESECUENCIA15-6.ASM   6-16-2016  14:31:38         PAGE  5


LOC  OBJECT CODE     LINE SOURCE TEXT
  VALUE

008D   1283           00185         bcf     STATUS,RP0
008E   08??           00186         movf    numPiso,w
008F   0782           00187         addwf   PCL,f
0090   2???           00188         goto    PRIMERO_ULTIMO
0091   2???           00189         goto    MEDIO
0092   2???           00190         goto    MEDIO
0093   2???           00191         goto    PRIMERO_ULTIMO
0094                  00192 PRIMERO_ULTIMO  
0094   309F           00193         movlw   b'10011111'
0095   0085           00194         movwf   PORTA
0096   30F9           00195         movlw   b'11111001'
0097   0088           00196         movwf   PORTD
0098   2???           00197         goto    VOLVER
0099                  00198 MEDIO   
0099   3009           00199         movlw   b'00001001'
009A   0085           00200         movwf   PORTA
009B   3090           00201         movlw   b'10010000'
009C   0088           00202         movwf   PORTD
009D   2???           00203         goto    VOLVER
                      00204         
009E                  00205 PRENDE_COLUM
009E   1683 1303      00206         banksel OPTION_REG
00A0   3087           00207         movlw   b'10000111'; PS=128
Message[302]: Register in operand not in bank 0.  Ensure that bank bits are correct.
00A1   0081           00208         movwf   OPTION_REG
00A2   1283           00209         bcf     STATUS,RP0
00A3   2???           00210         call    SELECT_LED_ON
00A4   0088           00211         movwf   PORTD
00A5   0085           00212         movwf   PORTA
00A6   3003           00213         movlw   .3
00A7   06??           00214         xorwf   numPiso,w 
00A8   1D03           00215         btfss   STATUS,Z
00A9   2???           00216         goto    VOLVER
00AA   0A??           00217         incf    contaLed,f
00AB   3008           00218         movlw   .8
00AC   06??           00219         xorwf   contaLed,w
00AD   1903           00220         btfsc   STATUS,Z
00AE   01??           00221         clrf    contaLed
00AF   2???           00222         goto    VOLVER
                      00223         
00B0                  00224 PRENDE_BOLICHE
00B0   1683 1303      00225         banksel OPTION_REG
00B2   3083           00226         movlw   b'10000011'; PS=16
Message[302]: Register in operand not in bank 0.  Ensure that bank bits are correct.
00B3   0081           00227         movwf   OPTION_REG
00B4   1283           00228         bcf     STATUS,RP0
00B5   3003           00229         movlw   .3
00B6   06??           00230         xorwf   numPiso,w 
00B7   1903           00231         btfsc   STATUS,Z
00B8   0A??           00232         incf    veces_on,f
00B9   2???           00233         call    SET_ON_OFF
00BA   0088           00234         movwf   PORTD
00BB   0085           00235         movwf   PORTA
MPASM 5.66            SERIESECUENCIA15-6.ASM   6-16-2016  14:31:38         PAGE  6


LOC  OBJECT CODE     LINE SOURCE TEXT
  VALUE

00BC   2???           00236         goto    VOLVER
00BD                  00237 SET_ON_OFF:     
00BD   3008           00238         movlw   .8
00BE   06??           00239         xorwf   veces_on,w
00BF   1903           00240         btfsc   STATUS,Z
00C0   01??           00241         clrf    veces_on
00C1   1903           00242         btfsc   STATUS,Z        
00C2   09??           00243         comf    boliche_flag,f
00C3   30FF           00244         movlw   0xFF
00C4   1C00           00245         btfss   boliche_flag,0
00C5   3000           00246         movlw   0x00
00C6   0008           00247         return
                      00248         
                      00249         
2FF4 3FFF             00250         end
MPASM 5.66            SERIESECUENCIA15-6.ASM   6-16-2016  14:31:38         PAGE  7


SYMBOL TABLE
  LABEL                             VALUE 

ABDEN                             00000000
ABDOVF                            00000007
ACKDT                             00000005
ACKEN                             00000004
ACKSTAT                           00000006
ADCON0                            0000001F
ADCON1                            0000009F
ADCS0                             00000006
ADCS1                             00000007
ADDEN                             00000003
ADFM                              00000007
ADIE                              00000006
ADIF                              00000006
ADON                              00000000
ADRESH                            0000001E
ADRESL                            0000009E
ANS0                              00000000
ANS1                              00000001
ANS10                             00000002
ANS11                             00000003
ANS12                             00000004
ANS13                             00000005
ANS2                              00000002
ANS3                              00000003
ANS4                              00000004
ANS5                              00000005
ANS6                              00000006
ANS7                              00000007
ANS8                              00000000
ANS9                              00000001
ANSEL                             00000188
ANSELH                            00000189
BAUDCTL                           00000187
BCLIE                             00000003
BCLIF                             00000003
BF                                00000000
BRG0                              00000000
BRG1                              00000001
BRG10                             00000002
BRG11                             00000003
BRG12                             00000004
BRG13                             00000005
BRG14                             00000006
BRG15                             00000007
BRG16                             00000003
BRG2                              00000002
BRG3                              00000003
BRG4                              00000004
BRG5                              00000005
BRG6                              00000006
BRG7                              00000007
BRG8                              00000000
BRG9                              00000001
MPASM 5.66            SERIESECUENCIA15-6.ASM   6-16-2016  14:31:38         PAGE  8


SYMBOL TABLE
  LABEL                             VALUE 

BRGH                              00000002
C                                 00000000
C1CH0                             00000000
C1CH1                             00000001
C1IE                              00000005
C1IF                              00000005
C1OE                              00000005
C1ON                              00000007
C1OUT                             00000006
C1POL                             00000004
C1R                               00000002
C1RSEL                            00000005
C1SEN                             00000005
C2CH0                             00000000
C2CH1                             00000001
C2IE                              00000006
C2IF                              00000006
C2OE                              00000005
C2ON                              00000007
C2OUT                             00000006
C2POL                             00000004
C2R                               00000002
C2REN                             00000004
C2RSEL                            00000004
C2SYNC                            00000000
CCP1CON                           00000017
CCP1IE                            00000002
CCP1IF                            00000002
CCP1M0                            00000000
CCP1M1                            00000001
CCP1M2                            00000002
CCP1M3                            00000003
CCP1X                             00000005
CCP1Y                             00000004
CCP2CON                           0000001D
CCP2IE                            00000000
CCP2IF                            00000000
CCP2M0                            00000000
CCP2M1                            00000001
CCP2M2                            00000002
CCP2M3                            00000003
CCP2X                             00000005
CCP2Y                             00000004
CCPR1                             00000015
CCPR1H                            00000016
CCPR1L                            00000015
CCPR2                             0000001B
CCPR2H                            0000001C
CCPR2L                            0000001B
CHS0                              00000002
CHS1                              00000003
CHS2                              00000004
CHS3                              00000005
MPASM 5.66            SERIESECUENCIA15-6.ASM   6-16-2016  14:31:38         PAGE  9


SYMBOL TABLE
  LABEL                             VALUE 

CKE                               00000006
CKP                               00000004
CM1CON0                           00000107
CM2CON0                           00000108
CM2CON1                           00000109
CREN                              00000004
CSRC                              00000007
D                                 00000005
DATA_ADDRESS                      00000005
DC                                00000001
DC1B0                             00000004
DC1B1                             00000005
DC2B0                             00000004
DC2B1                             00000005
D_A                               00000005
D_NOT_A                           00000005
ECCPAS                            0000009C
ECCPAS0                           00000004
ECCPAS1                           00000005
ECCPAS2                           00000006
ECCPASE                           00000007
EEADR                             0000010D
EEADRH                            0000010F
EECON1                            0000018C
EECON2                            0000018D
EEDAT                             0000010C
EEDATA                            0000010C
EEDATH                            0000010E
EEIE                              00000004
EEIF                              00000004
EEPGD                             00000007
ERR_O                             00000039
F                                 00000001
FERR                              00000002
FSR                               00000004
FVREN                             00000000
GCEN                              00000007
GET_PISO                          00000055
GET_SECUENCIA                     00000061
GIE                               00000007
GO                                00000001
GO_DONE                           00000001
GO_NOT_DONE                       00000001
HTS                               00000002
I2C_DATA                          00000005
I2C_READ                          00000002
I2C_START                         00000003
I2C_STOP                          00000004
INDF                              00000000
INICIO                            00000005
INTCON                            0000000B
INTE                              00000004
INTEDG                            00000006
MPASM 5.66            SERIESECUENCIA15-6.ASM   6-16-2016  14:31:38         PAGE 10


SYMBOL TABLE
  LABEL                             VALUE 

INTF                              00000001
IOCB                              00000096
IOCB0                             00000000
IOCB1                             00000001
IOCB2                             00000002
IOCB3                             00000003
IOCB4                             00000004
IOCB5                             00000005
IOCB6                             00000006
IOCB7                             00000007
IRCF0                             00000004
IRCF1                             00000005
IRCF2                             00000006
IRP                               00000007
ISR                               0000004B
LTS                               00000001
MC1OUT                            00000007
MC2OUT                            00000006
MEDIO                             00000099
MSK                               00000093
MSK0                              00000000
MSK1                              00000001
MSK2                              00000002
MSK3                              00000003
MSK4                              00000004
MSK5                              00000005
MSK6                              00000006
MSK7                              00000007
NOT_A                             00000005
NOT_ADDRESS                       00000005
NOT_BO                            00000000
NOT_BOR                           00000000
NOT_DONE                          00000001
NOT_PD                            00000003
NOT_POR                           00000001
NOT_RBPU                          00000007
NOT_RC8                           00000006
NOT_T1SYNC                        00000002
NOT_TO                            00000004
NOT_TX8                           00000006
NOT_W                             00000002
NOT_WRITE                         00000002
OERR                              00000001
OPTION_REG                        00000081
OSCCON                            0000008F
OSCTUNE                           00000090
OSFIE                             00000007
OSFIF                             00000007
OSTS                              00000003
P                                 00000004
P1M0                              00000006
P1M1                              00000007
PCL                               00000002
MPASM 5.66            SERIESECUENCIA15-6.ASM   6-16-2016  14:31:38         PAGE 11


SYMBOL TABLE
  LABEL                             VALUE 

PCLATH                            0000000A
PCON                              0000008E
PDC0                              00000000
PDC1                              00000001
PDC2                              00000002
PDC3                              00000003
PDC4                              00000004
PDC5                              00000005
PDC6                              00000006
PEIE                              00000006
PEN                               00000002
PIE1                              0000008C
PIE2                              0000008D
PIR1                              0000000C
PIR2                              0000000D
PORTA                             00000005
PORTB                             00000006
PORTC                             00000007
PORTD                             00000008
PORTE                             00000009
PR2                               00000092
PRENDE_1x1                        00000071
PRENDE_BOLICHE                    000000B0
PRENDE_COLUM                      0000009E
PRENDE_PERIMETRO                  00000089
PRENDE_TODO_CUBO                  00000068
PRIMERO_ULTIMO                    00000094
PRSEN                             00000007
PS0                               00000000
PS1                               00000001
PS2                               00000002
PSA                               00000003
PSSAC0                            00000002
PSSAC1                            00000003
PSSBD0                            00000000
PSSBD1                            00000001
PSTRCON                           0000009D
PULSR                             00000002
PULSS                             00000003
PWM1CON                           0000009B
R                                 00000002
RA0                               00000000
RA1                               00000001
RA2                               00000002
RA3                               00000003
RA4                               00000004
RA5                               00000005
RA6                               00000006
RA7                               00000007
RB0                               00000000
RB1                               00000001
RB2                               00000002
RB3                               00000003
MPASM 5.66            SERIESECUENCIA15-6.ASM   6-16-2016  14:31:38         PAGE 12


SYMBOL TABLE
  LABEL                             VALUE 

RB4                               00000004
RB5                               00000005
RB6                               00000006
RB7                               00000007
RBIE                              00000003
RBIF                              00000000
RC0                               00000000
RC1                               00000001
RC2                               00000002
RC3                               00000003
RC4                               00000004
RC5                               00000005
RC6                               00000006
RC7                               00000007
RC8_9                             00000006
RC9                               00000006
RCD8                              00000000
RCEN                              00000003
RCIDL                             00000006
RCIE                              00000005
RCIF                              00000005
RCREG                             0000001A
RCSTA                             00000018
RD                                00000000
RD0                               00000000
RD1                               00000001
RD2                               00000002
RD3                               00000003
RD4                               00000004
RD5                               00000005
RD6                               00000006
RD7                               00000007
RE0                               00000000
RE1                               00000001
RE2                               00000002
RE3                               00000003
READ_WRITE                        00000002
RECEPCION                         0000002F
RP0                               00000005
RP1                               00000006
RSEN                              00000001
RX9                               00000006
RX9D                              00000000
R_NOT_W                           00000002
R_W                               00000002
S                                 00000003
SBOREN                            00000004
SCKP                              00000004
SCS                               00000000
SELECT_LED_ON                     0000007F
SEN                               00000000
SENDB                             00000003
SET_DATO                          0000003D
MPASM 5.66            SERIESECUENCIA15-6.ASM   6-16-2016  14:31:38         PAGE 13


SYMBOL TABLE
  LABEL                             VALUE 

SET_NUMPISO                       0000005B
SET_ON_OFF                        000000BD
SET_SECUENCIA                     00000044
SMP                               00000007
SPBRG                             00000099
SPBRGH                            0000009A
SPEN                              00000007
SR0                               00000006
SR1                               00000007
SRCON                             00000185
SREN                              00000005
SSPADD                            00000093
SSPBUF                            00000013
SSPCON                            00000014
SSPCON2                           00000091
SSPEN                             00000005
SSPIE                             00000003
SSPIF                             00000003
SSPM0                             00000000
SSPM1                             00000001
SSPM2                             00000002
SSPM3                             00000003
SSPMSK                            00000093
SSPOV                             00000006
SSPSTAT                           00000094
STATUS                            00000003
STRA                              00000000
STRB                              00000001
STRC                              00000002
STRD                              00000003
STRSYNC                           00000004
SWDTEN                            00000000
SYNC                              00000004
T0CS                              00000005
T0IE                              00000005
T0IF                              00000002
T0SE                              00000004
T1CKPS0                           00000004
T1CKPS1                           00000005
T1CON                             00000010
T1GINV                            00000007
T1GIV                             00000007
T1GSS                             00000001
T1INSYNC                          00000002
T1OSCEN                           00000003
T1SYNC                            00000002
T2CKPS0                           00000000
T2CKPS1                           00000001
T2CON                             00000012
TMR0                              00000001
TMR0IE                            00000005
TMR0IF                            00000002
TMR1                              0000000E
MPASM 5.66            SERIESECUENCIA15-6.ASM   6-16-2016  14:31:38         PAGE 14


SYMBOL TABLE
  LABEL                             VALUE 

TMR1CS                            00000001
TMR1GE                            00000006
TMR1H                             0000000F
TMR1IE                            00000000
TMR1IF                            00000000
TMR1L                             0000000E
TMR1ON                            00000000
TMR2                              00000011
TMR2IE                            00000001
TMR2IF                            00000001
TMR2ON                            00000002
TOUTPS0                           00000003
TOUTPS1                           00000004
TOUTPS2                           00000005
TOUTPS3                           00000006
TRISA                             00000085
TRISA0                            00000000
TRISA1                            00000001
TRISA2                            00000002
TRISA3                            00000003
TRISA4                            00000004
TRISA5                            00000005
TRISA6                            00000006
TRISA7                            00000007
TRISB                             00000086
TRISB0                            00000000
TRISB1                            00000001
TRISB2                            00000002
TRISB3                            00000003
TRISB4                            00000004
TRISB5                            00000005
TRISB6                            00000006
TRISB7                            00000007
TRISC                             00000087
TRISC0                            00000000
TRISC1                            00000001
TRISC2                            00000002
TRISC3                            00000003
TRISC4                            00000004
TRISC5                            00000005
TRISC6                            00000006
TRISC7                            00000007
TRISD                             00000088
TRISD0                            00000000
TRISD1                            00000001
TRISD2                            00000002
TRISD3                            00000003
TRISD4                            00000004
TRISD5                            00000005
TRISD6                            00000006
TRISD7                            00000007
TRISE                             00000089
TRISE0                            00000000
MPASM 5.66            SERIESECUENCIA15-6.ASM   6-16-2016  14:31:38         PAGE 15


SYMBOL TABLE
  LABEL                             VALUE 

TRISE1                            00000001
TRISE2                            00000002
TRISE3                            00000003
TRMT                              00000001
TUN0                              00000000
TUN1                              00000001
TUN2                              00000002
TUN3                              00000003
TUN4                              00000004
TX8_9                             00000006
TX9                               00000006
TX9D                              00000000
TXD8                              00000000
TXEN                              00000005
TXIE                              00000004
TXIF                              00000004
TXREG                             00000019
TXSTA                             00000098
UA                                00000001
ULPWUE                            00000005
ULPWUIE                           00000002
ULPWUIF                           00000002
VCFG0                             00000004
VCFG1                             00000005
VOLVER                            00000051
VR0                               00000000
VR1                               00000001
VR2                               00000002
VR3                               00000003
VRCON                             00000097
VREN                              00000007
VROE                              00000006
VRR                               00000005
VRSS                              00000004
W                                 00000000
WCOL                              00000007
WDTCON                            00000105
WDTPS0                            00000001
WDTPS1                            00000002
WDTPS2                            00000003
WDTPS3                            00000004
WPUB                              00000095
WPUB0                             00000000
WPUB1                             00000001
WPUB2                             00000002
WPUB3                             00000003
WPUB4                             00000004
WPUB5                             00000005
WPUB6                             00000006
WPUB7                             00000007
WR                                00000001
WREN                              00000002
WRERR                             00000003
MPASM 5.66            SERIESECUENCIA15-6.ASM   6-16-2016  14:31:38         PAGE 16


SYMBOL TABLE
  LABEL                             VALUE 

WUE                               00000001
Z                                 00000002
_BOR21V                           00003EFF
_BOR40V                           00003FFF
_BOR4V_BOR21V                     00003EFF
_BOR4V_BOR40V                     00003FFF
_BOREN_NSLEEP                     00003EFF
_BOREN_OFF                        00003CFF
_BOREN_ON                         00003FFF
_BOREN_SBODEN                     00003DFF
_BOR_NSLEEP                       00003EFF
_BOR_OFF                          00003CFF
_BOR_ON                           00003FFF
_BOR_SBODEN                       00003DFF
_CONFIG1                          00002007
_CONFIG2                          00002008
_CPD_OFF                          00003FFF
_CPD_ON                           00003F7F
_CP_OFF                           00003FFF
_CP_ON                            00003FBF
_DEBUG_OFF                        00003FFF
_DEBUG_ON                         00001FFF
_DEVID1                           00002006
_EC_OSC                           00003FFB
_EXTRC                            00003FFF
_EXTRCIO                          00003FFE
_EXTRC_OSC_CLKOUT                 00003FFF
_EXTRC_OSC_NOCLKOUT               00003FFE
_FCMEN_OFF                        000037FF
_FCMEN_ON                         00003FFF
_FOSC_EC                          00003FFB
_FOSC_EXTRC_CLKOUT                00003FFF
_FOSC_EXTRC_NOCLKOUT              00003FFE
_FOSC_HS                          00003FFA
_FOSC_INTRC_CLKOUT                00003FFD
_FOSC_INTRC_NOCLKOUT              00003FFC
_FOSC_LP                          00003FF8
_FOSC_XT                          00003FF9
_HS_OSC                           00003FFA
_IDLOC0                           00002000
_IDLOC1                           00002001
_IDLOC2                           00002002
_IDLOC3                           00002003
_IESO_OFF                         00003BFF
_IESO_ON                          00003FFF
_INTOSC                           00003FFD
_INTOSCIO                         00003FFC
_INTRC_OSC_CLKOUT                 00003FFD
_INTRC_OSC_NOCLKOUT               00003FFC
_LP_OSC                           00003FF8
_LVP_OFF                          00002FFF
_LVP_ON                           00003FFF
_MCLRE_OFF                        00003FDF
MPASM 5.66            SERIESECUENCIA15-6.ASM   6-16-2016  14:31:38         PAGE 17


SYMBOL TABLE
  LABEL                             VALUE 

_MCLRE_ON                         00003FFF
_PWRTE_OFF                        00003FFF
_PWRTE_ON                         00003FEF
_WDTE_OFF                         00003FF7
_WDTE_ON                          00003FFF
_WDT_OFF                          00003FF7
_WDT_ON                           00003FFF
_WRT_1FOURTH                      00003BFF
_WRT_256                          00003DFF
_WRT_HALF                         000039FF
_WRT_OFF                          00003FFF
_XT_OSC                           00003FF9
__16F887                          00000001
boliche_flag                      00000027
contaLed                          00000023
dato                              00000024
err_or                            00000025
numPiso                           00000022
secuencia                         00000026
veces_on                          00000028

Errors   :     0
Warnings :     5 reported,     0 suppressed
Messages :    14 reported,     0 suppressed

